Using pre-set license
Built from '2021.1/staging' branch; Version is '2021.1.19f1 (5f5eb8bbdc25) revision 6250168'; Using compiler version '192528614'; Build Type 'Release'
OS: 'Windows 10 Home; OS build 19042.1288; Version 2009; 64bit' Language: 'en' Physical Memory: 32569 MB
BatchMode: 1, IsHumanControllingUs: 0, StartBugReporterOnCrash: 0, Is64bit: 1, IsPro: 0

COMMAND LINE ARGUMENTS:
C:\Program Files\Unity\Hub\Editor\2021.1.19f1\Editor\Unity.exe
-adb2
-batchMode
-noUpm
-name
AssetImportWorker0
-projectPath
D:/GBC/GBC Courses/Sem5/MobileDev_GAME2014/lab6/GAME2014-Lab6-Sangha
-logFile
Logs/AssetImportWorker0.log
-srvPort
49344
Successfully changed project path to: D:/GBC/GBC Courses/Sem5/MobileDev_GAME2014/lab6/GAME2014-Lab6-Sangha
D:/GBC/GBC Courses/Sem5/MobileDev_GAME2014/lab6/GAME2014-Lab6-Sangha
Using Asset Import Pipeline V2.
Refreshing native plugins compatible for Editor in 149.75 ms, found 4 plugins.
Preloading 0 native plugins for Editor in 0.00 ms.
Initialize engine version: 2021.1.19f1 (5f5eb8bbdc25)
[Subsystems] Discovering subsystems at path C:/Program Files/Unity/Hub/Editor/2021.1.19f1/Editor/Data/Resources/UnitySubsystems
[Subsystems] Discovering subsystems at path D:/GBC/GBC Courses/Sem5/MobileDev_GAME2014/lab6/GAME2014-Lab6-Sangha/Assets
GfxDevice: creating device client; threaded=0; jobified=0
Direct3D:
    Version:  Direct3D 11.0 [level 11.1]
    Renderer: NVIDIA GeForce RTX 2070 SUPER (ID=0x1e84)
    Vendor:   NVIDIA
    VRAM:     8011 MB
    Driver:   30.0.14.9613
Initialize mono
Mono path[0] = 'C:/Program Files/Unity/Hub/Editor/2021.1.19f1/Editor/Data/Managed'
Mono path[1] = 'C:/Program Files/Unity/Hub/Editor/2021.1.19f1/Editor/Data/MonoBleedingEdge/lib/mono/unityjit'
Mono config path = 'C:/Program Files/Unity/Hub/Editor/2021.1.19f1/Editor/Data/MonoBleedingEdge/etc'
Using monoOptions --debugger-agent=transport=dt_socket,embedding=1,server=y,suspend=n,address=127.0.0.1:56448
Begin MonoManager ReloadAssembly
Registering precompiled unity dll's ...
Register platform support module: C:/Program Files/Unity/Hub/Editor/2021.1.19f1/Editor/Data/PlaybackEngines/WebGLSupport/UnityEditor.WebGL.Extensions.dll
Register platform support module: C:/Program Files/Unity/Hub/Editor/2021.1.19f1/Editor/Data/PlaybackEngines/WindowsStandaloneSupport/UnityEditor.WindowsStandalone.Extensions.dll
Registered in 0.004324 seconds.
Native extension for WindowsStandalone target not found
Native extension for WebGL target not found
Refreshing native plugins compatible for Editor in 153.09 ms, found 4 plugins.
Preloading 0 native plugins for Editor in 0.00 ms.
Mono: successfully reloaded assembly
- Completed reload, in  2.600 seconds
Domain Reload Profiling:
	ReloadAssembly (2601ms)
		BeginReloadAssembly (93ms)
			ExecutionOrderSort (0ms)
			DisableScriptedObjects (0ms)
			BackupInstance (0ms)
			ReleaseScriptingObjects (0ms)
			CreateAndSetChildDomain (1ms)
		EndReloadAssembly (641ms)
			LoadAssemblies (90ms)
			RebuildTransferFunctionScriptingTraits (0ms)
			SetupTypeCache (211ms)
			ReleaseScriptCaches (0ms)
			RebuildScriptCaches (36ms)
			SetupLoadedEditorAssemblies (327ms)
				LogAssemblyErrors (0ms)
				InitializePlatformSupportModulesInManaged (9ms)
				SetLoadedEditorAssemblies (0ms)
				RefreshPlugins (153ms)
				BeforeProcessingInitializeOnLoad (2ms)
				ProcessInitializeOnLoadAttributes (125ms)
				ProcessInitializeOnLoadMethodAttributes (37ms)
				AfterProcessingInitializeOnLoad (0ms)
				EditorAssembliesLoaded (0ms)
			ExecutionOrderSort2 (0ms)
			AwakeInstancesAfterBackupRestoration (0ms)
Platform modules already initialized, skipping
Registering precompiled user dll's ...
Registered in 0.008382 seconds.
Begin MonoManager ReloadAssembly
Symbol file LoadedFromMemory doesn't match image D:\GBC\GBC Courses\Sem5\MobileDev_GAME2014\lab6\GAME2014-Lab6-Sangha\Library\PackageCache\com.unity.visualscripting@1.6.1\Editor\VisualScripting.Core\Dependencies\YamlDotNet\Unity.VisualScripting.YamlDotNet.dll
Symbol file LoadedFromMemory doesn't match image D:\GBC\GBC Courses\Sem5\MobileDev_GAME2014\lab6\GAME2014-Lab6-Sangha\Library\PackageCache\com.unity.visualscripting@1.6.1\Editor\VisualScripting.Core\Dependencies\DotNetZip\Unity.VisualScripting.IonicZip.dll
Native extension for WindowsStandalone target not found
Native extension for WebGL target not found
Refreshing native plugins compatible for Editor in 146.02 ms, found 4 plugins.
Preloading 0 native plugins for Editor in 0.00 ms.
Mono: successfully reloaded assembly
- Completed reload, in  1.675 seconds
Domain Reload Profiling:
	ReloadAssembly (1675ms)
		BeginReloadAssembly (209ms)
			ExecutionOrderSort (0ms)
			DisableScriptedObjects (6ms)
			BackupInstance (0ms)
			ReleaseScriptingObjects (0ms)
			CreateAndSetChildDomain (23ms)
		EndReloadAssembly (1387ms)
			LoadAssemblies (147ms)
			RebuildTransferFunctionScriptingTraits (0ms)
			SetupTypeCache (456ms)
			ReleaseScriptCaches (1ms)
			RebuildScriptCaches (67ms)
			SetupLoadedEditorAssemblies (607ms)
				LogAssemblyErrors (0ms)
				InitializePlatformSupportModulesInManaged (7ms)
				SetLoadedEditorAssemblies (0ms)
				RefreshPlugins (146ms)
				BeforeProcessingInitializeOnLoad (121ms)
				ProcessInitializeOnLoadAttributes (299ms)
				ProcessInitializeOnLoadMethodAttributes (22ms)
				AfterProcessingInitializeOnLoad (11ms)
				EditorAssembliesLoaded (0ms)
			ExecutionOrderSort2 (0ms)
			AwakeInstancesAfterBackupRestoration (9ms)
Platform modules already initialized, skipping
========================================================================
Worker process is ready to serve import requests
Launched and connected shader compiler UnityShaderCompiler.exe after 0.09 seconds
Refreshing native plugins compatible for Editor in 0.99 ms, found 4 plugins.
Preloading 0 native plugins for Editor in 0.00 ms.
Unloading 3770 Unused Serialized files (Serialized files now loaded: 0)
System memory in use before: 139.0 MB.
System memory in use after: 139.2 MB.

Unloading 43 unused Assets to reduce memory usage. Loaded Objects now: 4206.
Total: 4.181000 ms (FindLiveObjects: 0.309600 ms CreateObjectMapping: 0.257500 ms MarkObjects: 3.543900 ms  DeleteObjects: 0.068900 ms)

AssetImportParameters requested are different than current active one (requested -> active):
  custom:framework-win-MediaFoundation: 216162199b28c13a410421893ffa2e32 -> 
  custom:video-decoder-ogg-theora: a1e56fd34408186e4bbccfd4996cb3dc -> 
  custom:container-muxer-webm: aa71ff27fc2769a1b78a27578f13a17b -> 
  custom:container-demuxer-webm: 4f35f7cbe854078d1ac9338744f61a02 -> 
  custom:container-demuxer-ogg: 62fdf1f143b41e24485cea50d1cbac27 -> 
  custom:video-encoder-webm-vp8: eb34c28f22e8b96e1ab97ce403110664 -> 
  custom:video-codec-MediaFoundation-h265: 746d11721c4dcdbdad8f713fa42b33f4 -> 
  custom:video-decoder-webm-vp8: 9c59270c3fd7afecdb556c50c9e8de78 -> 
  custom:audio-decoder-ogg-vorbis: bf7c407c2cedff20999df2af8eb42d56 -> 
  custom:audio-encoder-webm-vorbis: bf7c407c2cedff20999df2af8eb42d56 -> 
========================================================================
Received Import Request.
  path: Assets/[Scenes]/Main.unity
  artifactKey: Guid(2cda990e2423bbf4892e6590ba056729) Importer(815301076,1909f56bfc062723c751e8b465ee728b)
Start importing Assets/[Scenes]/Main.unity using Guid(2cda990e2423bbf4892e6590ba056729) Importer(815301076,1909f56bfc062723c751e8b465ee728b)  -> (artifact id: '94c1f2f86202968d63dc74c427a2b91c') in 0.016125 seconds 
========================================================================
Received Import Request.
  Time since last request: 0.000223 seconds.
  path: Assets/[Scenes]
  artifactKey: Guid(bbbc74fad6ed1d243aee6102298f428b) Importer(815301076,1909f56bfc062723c751e8b465ee728b)
Start importing Assets/[Scenes] using Guid(bbbc74fad6ed1d243aee6102298f428b) Importer(815301076,1909f56bfc062723c751e8b465ee728b)  -> (artifact id: '6107834bbba231fd6e43a76c14788af6') in 0.003256 seconds 
========================================================================
Received Import Request.
  Time since last request: 70.297558 seconds.
  path: Assets/Xternal Assets/sunnyland woods
  artifactKey: Guid(fbbb5e377ff4cca4ea4605f5cd45c677) Importer(815301076,1909f56bfc062723c751e8b465ee728b)
Start importing Assets/Xternal Assets/sunnyland woods using Guid(fbbb5e377ff4cca4ea4605f5cd45c677) Importer(815301076,1909f56bfc062723c751e8b465ee728b)  -> (artifact id: 'f071b8c047b71893090eecdbf4726a95') in 0.003990 seconds 
========================================================================
Received Import Request.
  Time since last request: 1.386162 seconds.
  path: Assets/Xternal Assets/sunnyland woods/Sprites
  artifactKey: Guid(573f41dd9a7664a9887e062e765be724) Importer(815301076,1909f56bfc062723c751e8b465ee728b)
Start importing Assets/Xternal Assets/sunnyland woods/Sprites using Guid(573f41dd9a7664a9887e062e765be724) Importer(815301076,1909f56bfc062723c751e8b465ee728b)  -> (artifact id: 'e4276f13449ebc57d98c12bfad46ad59') in 0.003345 seconds 
========================================================================
Received Import Request.
  Time since last request: 0.860151 seconds.
  path: Assets/Xternal Assets/sunnyland woods/Sprites/player
  artifactKey: Guid(525914c7f60954d42bc701acc77f1343) Importer(815301076,1909f56bfc062723c751e8b465ee728b)
Start importing Assets/Xternal Assets/sunnyland woods/Sprites/player using Guid(525914c7f60954d42bc701acc77f1343) Importer(815301076,1909f56bfc062723c751e8b465ee728b)  -> (artifact id: 'b174a41771fde93afc12daf14ef6c065') in 0.003544 seconds 
========================================================================
Received Import Request.
  Time since last request: 0.718274 seconds.
  path: Assets/Xternal Assets/sunnyland woods/Sprites/player/idle
  artifactKey: Guid(a8d35553274c649a0ad0a4642aa3a913) Importer(815301076,1909f56bfc062723c751e8b465ee728b)
Start importing Assets/Xternal Assets/sunnyland woods/Sprites/player/idle using Guid(a8d35553274c649a0ad0a4642aa3a913) Importer(815301076,1909f56bfc062723c751e8b465ee728b)  -> (artifact id: 'ca46bda0739aed254d17f8a81a2fce82') in 0.003202 seconds 
========================================================================
Received Import Request.
  Time since last request: 0.075383 seconds.
  path: Assets/Xternal Assets/sunnyland woods/Sprites/player/idle/player-idle-1.png
  artifactKey: Guid(f00b4747e194d43ebba76abc9ea17f57) Importer(815301076,1909f56bfc062723c751e8b465ee728b)
Start importing Assets/Xternal Assets/sunnyland woods/Sprites/player/idle/player-idle-1.png using Guid(f00b4747e194d43ebba76abc9ea17f57) Importer(815301076,1909f56bfc062723c751e8b465ee728b)  -> (artifact id: '7bbd9a8f10471bcc2b5010175092bd26') in 0.151886 seconds 
========================================================================
Received Import Request.
  Time since last request: 0.000205 seconds.
  path: Assets/Xternal Assets/sunnyland woods/Sprites/player/idle/player-idle-7.png
  artifactKey: Guid(ffa450555b05e40259e14f45b3d7c427) Importer(815301076,1909f56bfc062723c751e8b465ee728b)
Start importing Assets/Xternal Assets/sunnyland woods/Sprites/player/idle/player-idle-7.png using Guid(ffa450555b05e40259e14f45b3d7c427) Importer(815301076,1909f56bfc062723c751e8b465ee728b)  -> (artifact id: '7e8c1f75a953bf2862dd21f05d8fcbcc') in 0.011408 seconds 
========================================================================
Received Import Request.
  Time since last request: 0.000199 seconds.
  path: Assets/Xternal Assets/sunnyland woods/Sprites/player/idle/player-idle-4.png
  artifactKey: Guid(efab8307cd05f446d995e89aa5a339af) Importer(815301076,1909f56bfc062723c751e8b465ee728b)
Start importing Assets/Xternal Assets/sunnyland woods/Sprites/player/idle/player-idle-4.png using Guid(efab8307cd05f446d995e89aa5a339af) Importer(815301076,1909f56bfc062723c751e8b465ee728b)  -> (artifact id: 'd6b319bdeaad89dfb5de1c9944341ae9') in 0.010964 seconds 
========================================================================
Received Import Request.
  Time since last request: 0.000236 seconds.
  path: Assets/Xternal Assets/sunnyland woods/Sprites/player/idle/player-idle-5.png
  artifactKey: Guid(cdb9e5532b5eb47daaf302a4902a0498) Importer(815301076,1909f56bfc062723c751e8b465ee728b)
Start importing Assets/Xternal Assets/sunnyland woods/Sprites/player/idle/player-idle-5.png using Guid(cdb9e5532b5eb47daaf302a4902a0498) Importer(815301076,1909f56bfc062723c751e8b465ee728b)  -> (artifact id: '875b1cf770ba498fe95db36ed11503b3') in 0.011333 seconds 
========================================================================
Received Import Request.
  Time since last request: 0.000222 seconds.
  path: Assets/Xternal Assets/sunnyland woods/Sprites/player/idle/player-idle-8.png
  artifactKey: Guid(aba71567efd404adf98458d20512bbcb) Importer(815301076,1909f56bfc062723c751e8b465ee728b)
Start importing Assets/Xternal Assets/sunnyland woods/Sprites/player/idle/player-idle-8.png using Guid(aba71567efd404adf98458d20512bbcb) Importer(815301076,1909f56bfc062723c751e8b465ee728b)  -> (artifact id: '65a6ac0afc6e6767fd403b965e37c148') in 0.011388 seconds 
========================================================================
Received Import Request.
  Time since last request: 0.000185 seconds.
  path: Assets/Xternal Assets/sunnyland woods/Sprites/player/idle/player-idle-6.png
  artifactKey: Guid(89ac76dbee8aa4e1bb30692ddce4a364) Importer(815301076,1909f56bfc062723c751e8b465ee728b)
Start importing Assets/Xternal Assets/sunnyland woods/Sprites/player/idle/player-idle-6.png using Guid(89ac76dbee8aa4e1bb30692ddce4a364) Importer(815301076,1909f56bfc062723c751e8b465ee728b)  -> (artifact id: '48c4d08339f9dbb46f49b801d4222cd1') in 0.012104 seconds 
========================================================================
Received Import Request.
  Time since last request: 0.000214 seconds.
  path: Assets/Xternal Assets/sunnyland woods/Sprites/player/idle/player-idle-2.png
  artifactKey: Guid(59220b107872b420f9200542ab7d4763) Importer(815301076,1909f56bfc062723c751e8b465ee728b)
Start importing Assets/Xternal Assets/sunnyland woods/Sprites/player/idle/player-idle-2.png using Guid(59220b107872b420f9200542ab7d4763) Importer(815301076,1909f56bfc062723c751e8b465ee728b)  -> (artifact id: '575c8feec562e41bc3496b12e36f5c98') in 0.011019 seconds 
========================================================================
Received Import Request.
  Time since last request: 0.000194 seconds.
  path: Assets/Xternal Assets/sunnyland woods/Sprites/player/idle/player-idle-3.png
  artifactKey: Guid(0b692f1e744ec43dd84f1b1df511112b) Importer(815301076,1909f56bfc062723c751e8b465ee728b)
Start importing Assets/Xternal Assets/sunnyland woods/Sprites/player/idle/player-idle-3.png using Guid(0b692f1e744ec43dd84f1b1df511112b) Importer(815301076,1909f56bfc062723c751e8b465ee728b)  -> (artifact id: 'cbc8b0aa8efd10a7366fa8ceb2878b85') in 0.011022 seconds 
